#
# A fatal error has been detected by the Java Runtime Environment:
#
#  EXCEPTION_ACCESS_VIOLATION (0xc0000005) at pc=0xffffffffa3645120, pid=5568, tid=3612
#
# JRE version: Java(TM) SE Runtime Environment (8.0_73-b02) (build 1.8.0_73-b02)
# Java VM: Java HotSpot(TM) 64-Bit Server VM (25.73-b02 mixed mode windows-amd64 compressed oops)
# Problematic frame:
# C  0xffffffffa3645120
#
# Failed to write core dump. Minidumps are not enabled by default on client versions of Windows
#
# If you would like to submit a bug report, please visit:
#   http://bugreport.java.com/bugreport/crash.jsp
#

---------------  T H R E A D  ---------------

Current thread (0x0000000055989000):  JavaThread "AWT-Windows" daemon [_thread_in_Java, id=3612, stack(0x0000000056210000,0x0000000056310000)]

siginfo: ExceptionCode=0xc0000005, ExceptionInformation=0x0000000000000008 0xffffffffa3645120

Registers:
RAX=0x00000000139fe5e8, RBX=0x0000000053ad77b0, RCX=0x0000000000000001, RDX=0x00000000f02b0d80
RSP=0x000000005630df68, RBP=0x000000005630e148, RSI=0x0000000053e14858, RDI=0x0000000000000550
R8 =0x0000000000000001, R9 =0x00000000f02b5d40, R10=0x00000000f02b5d50, R11=0x0000000000000000
R12=0x0000000000000000, R13=0x0000000000000128, R14=0x0000000000000558, R15=0x0000000055989000
RIP=0xffffffffa3645120, EFLAGS=0x0000000000010206

Top of Stack: (sp=0x000000005630df68)
0x000000005630df68:   00000000027ca454 0000000000000001
0x000000005630df78:   0000000013aca9f8 000000005630dfc0
0x000000005630df88:   0000000000000000 0000000000000001
0x000000005630df98:   000000005bf36960 0000000013aca9f8
0x000000005630dfa8:   0000000000000000 00000000010002b5
0x000000005630dfb8:   00000000f02b0d80 00000000f02b5d40
0x000000005630dfc8:   00000000f008b618 000000b500000001
0x000000005630dfd8:   00000000f02b1d80 000000005630e148
0x000000005630dfe8:   000000005630e108 0000000055985930
0x000000005630dff8:   000000005bf38fc4 000000005630e358
0x000000005630e008:   0000000000000006 000000005630e148
0x000000005630e018:   00000000027cc3dc 0000000000000001
0x000000005630e028:   000000000000006c 0000000000000007
0x000000005630e038:   00000000f02b3c01 000000005630e000
0x000000005630e048:   0000000013aca9f8 0000000013aca9f8
0x000000005630e058:   0000000055989000 000000005400c7d0 

Instructions: (pc=0xffffffffa3645120)
0xffffffffa3645100:   
[error occurred during error reporting (printing registers, top of stack, instructions near pc), id 0xc0000005]

Register to memory mapping:

RAX=0x00000000139fe5e8 is pointing into metadata
RBX={method} {0x0000000053ad77b8} 'afterNodeInsertion' '(Z)V' in 'java/util/HashMap'
RCX=0x0000000000000001 is an unknown value
RDX=0x00000000f02b0d80 is an oop
java.util.HashMap 
 - klass: 'java/util/HashMap'
RSP=0x000000005630df68 is pointing into the stack for thread: 0x0000000055989000
RBP=0x000000005630e148 is pointing into the stack for thread: 0x0000000055989000
RSI=0x0000000053e14858 is pointing into metadata
RDI=0x0000000000000550 is an unknown value
R8 =0x0000000000000001 is an unknown value
R9 =0x00000000f02b5d40 is an oop
java.lang.Integer 
 - klass: 'java/lang/Integer'
R10=0x00000000f02b5d50 is an oop
java.util.HashMap$Node 
 - klass: 'java/util/HashMap$Node'
R11=0x0000000000000000 is an unknown value
R12=0x0000000000000000 is an unknown value
R13=0x0000000000000128 is an unknown value
R14=0x0000000000000558 is an unknown value
R15=0x0000000055989000 is a thread


Stack: [0x0000000056210000,0x0000000056310000],  sp=0x000000005630df68,  free space=1015k
Native frames: (J=compiled Java code, j=interpreted, Vv=VM code, C=native code)
C  0xffffffffa3645120


---------------  P R O C E S S  ---------------

Java Threads: ( => current thread )
=>0x0000000055989000 JavaThread "AWT-Windows" daemon [_thread_in_Java, id=3612, stack(0x0000000056210000,0x0000000056310000)]
  0x0000000055985000 JavaThread "AWT-Shutdown" [_thread_blocked, id=3252, stack(0x0000000056110000,0x0000000056210000)]
  0x000000005597c000 JavaThread "Java2D Disposer" daemon [_thread_blocked, id=3472, stack(0x0000000055e30000,0x0000000055f30000)]
  0x00000000543dc800 JavaThread "Service Thread" daemon [_thread_blocked, id=5216, stack(0x0000000055380000,0x0000000055480000)]
  0x00000000543cf800 JavaThread "C1 CompilerThread1" daemon [_thread_blocked, id=6116, stack(0x00000000555d0000,0x00000000556d0000)]
  0x0000000054379800 JavaThread "C2 CompilerThread0" daemon [_thread_blocked, id=2672, stack(0x00000000554c0000,0x00000000555c0000)]
  0x0000000054377800 JavaThread "Attach Listener" daemon [_thread_blocked, id=2456, stack(0x00000000550f0000,0x00000000551f0000)]
  0x0000000054376800 JavaThread "Signal Dispatcher" daemon [_thread_blocked, id=5144, stack(0x0000000055280000,0x0000000055380000)]
  0x000000005431c000 JavaThread "Finalizer" daemon [_thread_blocked, id=5152, stack(0x0000000054fc0000,0x00000000550c0000)]
  0x0000000054315000 JavaThread "Reference Handler" daemon [_thread_blocked, id=5976, stack(0x0000000054ea0000,0x0000000054fa0000)]
  0x000000000222e800 JavaThread "main" [_thread_in_native, id=5684, stack(0x0000000002270000,0x0000000002370000)]

Other Threads:
  0x000000005430d800 VMThread [stack: 0x0000000054d90000,0x0000000054e90000] [id=1392]
  0x00000000556e9000 WatcherThread [stack: 0x0000000055c90000,0x0000000055d90000] [id=5968]

VM state:not at safepoint (normal execution)

VM Mutex/Monitor currently owned by a thread: None

Heap:
 PSYoungGen      total 14336K, used 3687K [0x00000000f0000000, 0x00000000f1000000, 0x0000000100000000)
  eden space 12288K, 30% used [0x00000000f0000000,0x00000000f0399e58,0x00000000f0c00000)
  from space 2048K, 0% used [0x00000000f0e00000,0x00000000f0e00000,0x00000000f1000000)
  to   space 2048K, 0% used [0x00000000f0c00000,0x00000000f0c00000,0x00000000f0e00000)
 ParOldGen       total 32768K, used 0K [0x00000000d0000000, 0x00000000d2000000, 0x00000000f0000000)
  object space 32768K, 0% used [0x00000000d0000000,0x00000000d0000000,0x00000000d2000000)
 Metaspace       used 7187K, capacity 7360K, committed 7424K, reserved 1056768K
  class space    used 883K, capacity 962K, committed 1024K, reserved 1048576K

Card table byte_map: [0x0000000011a00000,0x0000000011b90000] byte_map_base: 0x0000000011380000

Marking Bits: (ParMarkBitMap*) 0x000000005c690600
 Begin Bits: [0x0000000012060000, 0x0000000012c60000)
 End Bits:   [0x0000000012c60000, 0x0000000013860000)

Polling page: 0x0000000001b50000

CodeCache: size=245760Kb used=1680Kb max_used=1680Kb free=244079Kb
 bounds [0x0000000002640000, 0x00000000028b0000, 0x0000000011640000]
 total_blobs=650 nmethods=299 adapters=266
 compilation: enabled

Compilation events (10 events):
Event: 0.727 Thread 0x00000000543cf800  295       1       java.beans.PropertyChangeEvent::getNewValue (5 bytes)
Event: 0.727 Thread 0x00000000543cf800 nmethod 295 0x00000000027e2e10 code [0x00000000027e2f60, 0x00000000027e3070]
Event: 0.732 Thread 0x00000000543cf800  296       3       java.lang.Integer::valueOf (32 bytes)
Event: 0.733 Thread 0x00000000543cf800 nmethod 296 0x00000000027e32d0 code [0x00000000027e3440, 0x00000000027e3790]
Event: 0.733 Thread 0x00000000543cf800  297       3       java.lang.Integer::hashCode (8 bytes)
Event: 0.733 Thread 0x00000000543cf800 nmethod 297 0x00000000027e3950 code [0x00000000027e3aa0, 0x00000000027e3c50]
Event: 0.733 Thread 0x00000000543cf800  299       1       java.util.HashMap::afterNodeInsertion (1 bytes)
Event: 0.733 Thread 0x00000000543cf800 nmethod 299 0x00000000027e3d10 code [0x00000000027e3e60, 0x00000000027e3f70]
Event: 0.733 Thread 0x00000000543cf800  298       3       java.lang.Integer::hashCode (2 bytes)
Event: 0.733 Thread 0x00000000543cf800 nmethod 298 0x00000000027e3fd0 code [0x00000000027e4120, 0x00000000027e4250]

GC Heap History (0 events):
No events

Deoptimization events (1 events):
Event: 0.457 Thread 0x000000000222e800 Uncommon trap: reason=null_check action=make_not_entrant pc=0x00000000027c124c method=java.lang.String.equals(Ljava/lang/Object;)Z @ 8

Internal exceptions (10 events):
Event: 0.062 Thread 0x000000000222e800 Exception <a 'java/lang/NoSuchMethodError': Method sun.misc.Unsafe.prefetchRead(Ljava/lang/Object;J)V name or signature does not match> (0x00000000f000e138) thrown at [D:\re\puppet\workspace\8-2-build-windows-amd64-cygwin\jdk8u73\6086\hotspot\src\share\vm\×‚Ü®³Å?
Event: 0.170 Thread 0x000000000222e800 Exception <a 'java/security/PrivilegedActionException'> (0x00000000f00fef88) thrown at [D:\re\puppet\workspace\8-2-build-windows-amd64-cygwin\jdk8u73\6086\hotspot\src\share\vm\prims\jvm.cpp, line 1386]
Event: 0.170 Thread 0x000000000222e800 Exception <a 'java/security/PrivilegedActionException'> (0x00000000f00ff198) thrown at [D:\re\puppet\workspace\8-2-build-windows-amd64-cygwin\jdk8u73\6086\hotspot\src\share\vm\prims\jvm.cpp, line 1386]
Event: 0.171 Thread 0x000000000222e800 Exception <a 'java/security/PrivilegedActionException'> (0x00000000f0102d40) thrown at [D:\re\puppet\workspace\8-2-build-windows-amd64-cygwin\jdk8u73\6086\hotspot\src\share\vm\prims\jvm.cpp, line 1386]
Event: 0.171 Thread 0x000000000222e800 Exception <a 'java/security/PrivilegedActionException'> (0x00000000f0102f50) thrown at [D:\re\puppet\workspace\8-2-build-windows-amd64-cygwin\jdk8u73\6086\hotspot\src\share\vm\prims\jvm.cpp, line 1386]
Event: 0.178 Thread 0x000000000222e800 Exception <a 'java/io/FileNotFoundException'> (0x00000000f0105418) thrown at [D:\re\puppet\workspace\8-2-build-windows-amd64-cygwin\jdk8u73\6086\hotspot\src\share\vm\prims\jni.cpp, line 709]
Event: 0.292 Thread 0x000000000222e800 Exception <a 'java/lang/NoSuchFieldError': method resolution failed> (0x00000000f01d3028) thrown at [D:\re\puppet\workspace\8-2-build-windows-amd64-cygwin\jdk8u73\6086\hotspot\src\share\vm\prims\methodHandles.cpp, line 1146]
Event: 0.303 Thread 0x000000000222e800 Exception <a 'java/lang/NoSuchFieldError': method resolution failed> (0x00000000f01e03f8) thrown at [D:\re\puppet\workspace\8-2-build-windows-amd64-cygwin\jdk8u73\6086\hotspot\src\share\vm\prims\methodHandles.cpp, line 1146]
Event: 0.457 Thread 0x000000000222e800 Implicit null exception at 0x00000000027c108b to 0x00000000027c123d
Event: 0.476 Thread 0x000000000222e800 Exception <a 'java/io/FileNotFoundException'> (0x00000000f0300330) thrown at [D:\re\puppet\workspace\8-2-build-windows-amd64-cygwin\jdk8u73\6086\hotspot\src\share\vm\prims\jni.cpp, line 709]

Events (10 events):
Event: 0.730 loading class sun/awt/windows/WWindowPeer done
Event: 0.730 loading class sun/awt/windows/WFramePeer done
Event: 0.731 loading class sun/awt/windows/WWindowPeer$ActiveWindowListener
Event: 0.731 loading class sun/awt/windows/WWindowPeer$ActiveWindowListener done
Event: 0.731 loading class sun/awt/windows/WWindowPeer$GuiDisposedListener
Event: 0.731 loading class sun/awt/windows/WWindowPeer$GuiDisposedListener done
Event: 0.731 loading class sun/awt/RepaintArea
Event: 0.731 loading class sun/awt/RepaintArea done
Event: 0.732 loading class sun/awt/ExtendedKeyCodes
Event: 0.732 loading class sun/awt/ExtendedKeyCodes done


Dynamic libraries:
0x000000013fe60000 - 0x000000013fe97000 	C:\Program Files\Java\jre1.8.0_73\bin\javaw.exe
0x0000000077870000 - 0x0000000077a19000 	C:\Windows\SYSTEM32\ntdll.dll
0x0000000077650000 - 0x000000007776f000 	C:\Windows\system32\kernel32.dll
0x000007fefd9b0000 - 0x000007fefda1b000 	C:\Windows\system32\KERNELBASE.dll
0x000007fefe790000 - 0x000007fefe86b000 	C:\Windows\system32\ADVAPI32.dll
0x000007fefe6f0000 - 0x000007fefe78f000 	C:\Windows\system32\msvcrt.dll
0x000007fefe330000 - 0x000007fefe34f000 	C:\Windows\SYSTEM32\sechost.dll
0x000007fefe540000 - 0x000007fefe66d000 	C:\Windows\system32\RPCRT4.dll
0x0000000077770000 - 0x000000007786a000 	C:\Windows\system32\USER32.dll
0x000007fefdfd0000 - 0x000007fefe037000 	C:\Windows\system32\GDI32.dll
0x000007fefdb90000 - 0x000007fefdb9e000 	C:\Windows\system32\LPK.dll
0x000007fefed20000 - 0x000007fefede9000 	C:\Windows\system32\USP10.dll
0x000007fefc3c0000 - 0x000007fefc5b4000 	C:\Windows\WinSxS\amd64_microsoft.windows.common-controls_6595b64144ccf1df_6.0.7601.17514_none_fa396087175ac9ac\COMCTL32.dll
0x000007fefe670000 - 0x000007fefe6e1000 	C:\Windows\system32\SHLWAPI.dll
0x000007fefe040000 - 0x000007fefe06e000 	C:\Windows\system32\IMM32.DLL
0x000007fefeb20000 - 0x000007fefec29000 	C:\Windows\system32\MSCTF.dll
0x0000000061400000 - 0x00000000614d2000 	C:\Program Files\Java\jre1.8.0_73\bin\msvcr100.dll
0x000000005be80000 - 0x000000005c710000 	C:\Program Files\Java\jre1.8.0_73\bin\server\jvm.dll
0x000007feed0c0000 - 0x000007feed0c9000 	C:\Windows\system32\WSOCK32.dll
0x000007fefec30000 - 0x000007fefec7d000 	C:\Windows\system32\WS2_32.dll
0x000007fefe350000 - 0x000007fefe358000 	C:\Windows\system32\NSI.dll
0x000007fefb690000 - 0x000007fefb6cb000 	C:\Windows\system32\WINMM.dll
0x000007fefc920000 - 0x000007fefc92c000 	C:\Windows\system32\VERSION.dll
0x0000000077a40000 - 0x0000000077a47000 	C:\Windows\system32\PSAPI.DLL
0x0000000069960000 - 0x000000006996f000 	C:\Program Files\Java\jre1.8.0_73\bin\verify.dll
0x0000000064560000 - 0x0000000064589000 	C:\Program Files\Java\jre1.8.0_73\bin\java.dll
0x00000000645a0000 - 0x00000000645b6000 	C:\Program Files\Java\jre1.8.0_73\bin\zip.dll
0x000007fefedf0000 - 0x000007feffb78000 	C:\Windows\system32\SHELL32.dll
0x000007fefe910000 - 0x000007fefeb13000 	C:\Windows\system32\ole32.dll
0x000007fefd7c0000 - 0x000007fefd7cf000 	C:\Windows\system32\profapi.dll
0x0000000060fe0000 - 0x0000000061178000 	C:\Program Files\Java\jre1.8.0_73\bin\awt.dll
0x000007fefddc0000 - 0x000007fefde97000 	C:\Windows\system32\OLEAUT32.dll
0x000007fefc1e0000 - 0x000007fefc236000 	C:\Windows\system32\uxtheme.dll
0x000007fefc8b0000 - 0x000007fefc8c8000 	C:\Windows\system32\dwmapi.dll
0x000007fefd6f0000 - 0x000007fefd6ff000 	C:\Windows\system32\CRYPTBASE.dll
0x000007fee4850000 - 0x000007fee4a4f000 	C:\Windows\system32\d3d9.dll
0x000007fee4840000 - 0x000007fee4847000 	C:\Windows\system32\d3d8thk.dll
0x000007fef92d0000 - 0x000007fef9432000 	C:\Windows\system32\aticfx64.dll
0x000007fee47e0000 - 0x000007fee4801000 	C:\Windows\system32\atiu9p64.dll
0x000007fee3f80000 - 0x000007fee47da000 	C:\Windows\system32\atiumd64.dll
0x0000000061690000 - 0x0000000061f16000 	C:\Windows\system32\atiumd6a.dll
0x000007fefc8d0000 - 0x000007fefc8fc000 	C:\Windows\system32\POWRPROF.dll
0x000007fefe360000 - 0x000007fefe537000 	C:\Windows\system32\SETUPAPI.dll
0x000007fefd970000 - 0x000007fefd9a6000 	C:\Windows\system32\CFGMGR32.dll
0x000007fefd8b0000 - 0x000007fefd8ca000 	C:\Windows\system32\DEVOBJ.dll
0x000007fef9c70000 - 0x000007fef9d95000 	C:\Windows\system32\dbghelp.dll

VM Arguments:
jvm_args: -Dfile.encoding=UTF-8 
java_command: app.Application
java_class_path (initial): D:\Fakultet\Poslovna Informatika\Projekat\1430907567_494__KosturAplikacije\KosturAplikacije\PoslovnaVezbe\bin;D:\Fakultet\Poslovna Informatika\Projekat\1430907567_494__KosturAplikacije\KosturAplikacije\PoslovnaVezbe\lib\jtds-1.2.jar;D:\Fakultet\Poslovna Informatika\Projekat\1430907567_494__KosturAplikacije\KosturAplikacije\PoslovnaVezbe\lib\miglayout-4.0-swing.jar
Launcher Type: SUN_STANDARD

Environment Variables:
JAVA_HOME=C:\Program Files\Java\jdk1.7.0_79\
JRE_HOME=C:\Program Files\Java\jre7
PATH=C:/Program Files/Java/jre1.8.0_73/bin/server;C:/Program Files/Java/jre1.8.0_73/bin;C:/Program Files/Java/jre1.8.0_73/lib/amd64;C:\ProgramData\Oracle\Java\javapath;C:\Windows\system32;C:\Windows;C:\Windows\System32\Wbem;C:\Windows\System32\WindowsPowerShell\v1.0\;C:\Program Files (x86)\AMD\ATI.ACE\Core-Static;C:\Program Files (x86)\Microsoft SQL Server\100\Tools\Binn\;C:\Program Files\Microsoft SQL Server\100\Tools\Binn\;C:\Program Files\Microsoft SQL Server\100\DTS\Binn\;C:\Program Files\MATLAB\MATLAB Production Server\R2015a\runtime\win64;C:\Program Files\MATLAB\MATLAB Production Server\R2015a\bin;C:\Program Files\MATLAB\MATLAB Production Server\R2015a\polyspace\bin;C:\Program Files\SlikSvn\bin;c:\Program Files (x86)\Microsoft SQL Server\100\Tools\Binn\VSShell\Common7\IDE\;c:\Program Files (x86)\Microsoft SQL Server\100\DTS\Binn\;C:\Program Files (x86)\Skype\Phone\;C:\Program Files (x86)\Windows Kits\8.1\Windows Performance Toolkit\;C:\Program Files\Microsoft SQL Server\110\Tools\Binn\;C:\Program Files (x86)\Microsoft SDKs\TypeScript\1.0\;C:\Program Files\Microsoft SQL Server\120\Tools\Binn\;C:\Program Files\Git\cmd;C:\MinGW\lib;C:\Anaconda3\Lib\site-packages\numpy\distutils\mingw;C:\MinGW\bin;C:\Anaconda2;C:\Anaconda2\Scripts;C:\Anaconda2\Library\bin;C:\Anaconda2\MinGW\lib;C:\Anaconda2\MinGW\bin;C:\Program Files (x86)\MySQL\MySQL Fabric 1.5 & MySQL Utilities 1.5\;C:\Program Files (x86)\MySQL\MySQL Fabric 1.5 & MySQL Utilities 1.5\Doctrine extensions for PHP\;C:\Anaconda2\MinGW\bin;C:\Anaconda2\MinGW\lib;C:\Program Files\Java\jdk1.7.0_79;C:\Program Files\eclipse;
USERNAME=Igor
OS=Windows_NT
PROCESSOR_IDENTIFIER=Intel64 Family 6 Model 15 Stepping 6, GenuineIntel



---------------  S Y S T E M  ---------------

OS: Windows 7 , 64 bit Build 7601 (6.1.7601.17514)

CPU:total 2 (2 cores per cpu, 1 threads per core) family 6 model 15 stepping 6, cmov, cx8, fxsr, mmx, sse, sse2, sse3, ssse3, tsc

Memory: 4k page, physical 3145064k(579376k free), swap 6288280k(1780628k free)

vm_info: Java HotSpot(TM) 64-Bit Server VM (25.73-b02) for windows-amd64 JRE (1.8.0_73-b02), built on Jan 29 2016 17:38:49 by "java_re" with MS VC++ 10.0 (VS2010)

time: Fri Mar 18 21:17:13 2016
elapsed time: 0 seconds (0d 0h 0m 0s)

