#
# A fatal error has been detected by the Java Runtime Environment:
#
#  EXCEPTION_ACCESS_VIOLATION (0xc0000005) at pc=0xffffffffa37e5120, pid=4464, tid=4404
#
# JRE version: Java(TM) SE Runtime Environment (8.0_73-b02) (build 1.8.0_73-b02)
# Java VM: Java HotSpot(TM) 64-Bit Server VM (25.73-b02 mixed mode windows-amd64 compressed oops)
# Problematic frame:
# C  0xffffffffa37e5120
#
# Failed to write core dump. Minidumps are not enabled by default on client versions of Windows
#
# If you would like to submit a bug report, please visit:
#   http://bugreport.java.com/bugreport/crash.jsp
#

---------------  T H R E A D  ---------------

Current thread (0x000000000036f000):  JavaThread "main" [_thread_in_Java, id=4404, stack(0x0000000002410000,0x0000000002510000)]

siginfo: ExceptionCode=0xc0000005, ExceptionInformation=0x0000000000000008 0xffffffffa37e5120

Registers:
RAX=0x0000000053a95b78, RBX=0x0000000053a95b78, RCX=0x0000000053aa7b20, RDX=0x0000000000000072
RSP=0x000000000250d0f8, RBP=0x000000000250d198, RSI=0x0000000000000072, RDI=0x0000000000001348
R8 =0x0000000000000045, R9 =0xfffffffffffffa00, R10=0x0000000060083190, R11=0x000000000297e280
R12=0x0000000000000000, R13=0x000000000250d150, R14=0x000000000250d218, R15=0x000000000036f000
RIP=0xffffffffa37e5120, EFLAGS=0x0000000000010206

Top of Stack: (sp=0x000000000250d0f8)
0x000000000250d0f8:   000000000297e2f4 000000000250d100
0x000000000250d108:   0000000053b813dc 000000000250d150
0x000000000250d118:   0000000053b83ce8 0000000000000072
0x000000000250d128:   0000000053b813e0 000000000250d198
0x000000000250d138:   00000000027e7450 000000000250d198
0x000000000250d148:   00000000027e7450 0000000000000072
0x000000000250d158:   000000000250d158 0000000053a066a4
0x000000000250d168:   000000000250d218 0000000053aa7b20
0x000000000250d178:   0000000000000000 0000000053a06778
0x000000000250d188:   000000000250d150 000000000250d210
0x000000000250d198:   000000000250d260 00000000027e7790
0x000000000250d1a8:   0000000000000000 0000000000000000
0x000000000250d1b8:   0000000000000015 0000000000000001
0x000000000250d1c8:   0000000000000072 0000000000000045
0x000000000250d1d8:   0000000000000000 0000000000000000
0x000000000250d1e8:   00000000f003bc48 00000000f03a2cb8 

Instructions: (pc=0xffffffffa37e5120)
0xffffffffa37e5100:   
[error occurred during error reporting (printing registers, top of stack, instructions near pc), id 0xc0000005]

Register to memory mapping:

RAX={method} {0x0000000053a95b80} 'toUpperCaseEx' '(I)I' in 'java/lang/Character'
RBX={method} {0x0000000053a95b80} 'toUpperCaseEx' '(I)I' in 'java/lang/Character'
RCX=0x0000000053aa7b20 is pointing into metadata
RDX=0x0000000000000072 is an unknown value
RSP=0x000000000250d0f8 is pointing into the stack for thread: 0x000000000036f000
RBP=0x000000000250d198 is pointing into the stack for thread: 0x000000000036f000
RSI=0x0000000000000072 is an unknown value
RDI=0x0000000000001348 is an unknown value
R8 =0x0000000000000045 is an unknown value
R9 =0xfffffffffffffa00 is an unknown value
R10=0x0000000060083190 is an unknown value
R11=0x000000000297e280 is at entry_point+0 in (nmethod*)0x000000000297e110
R12=0x0000000000000000 is an unknown value
R13=0x000000000250d150 is pointing into the stack for thread: 0x000000000036f000
R14=0x000000000250d218 is pointing into the stack for thread: 0x000000000036f000
R15=0x000000000036f000 is a thread


Stack: [0x0000000002410000,0x0000000002510000],  sp=0x000000000250d0f8,  free space=1012k
Native frames: (J=compiled Java code, j=interpreted, Vv=VM code, C=native code)
C  0xffffffffa37e5120


---------------  P R O C E S S  ---------------

Java Threads: ( => current thread )
  0x0000000055c27000 JavaThread "AWT-Windows" daemon [_thread_in_native, id=4548, stack(0x0000000056600000,0x0000000056700000)]
  0x0000000055bd3000 JavaThread "AWT-Shutdown" [_thread_blocked, id=5488, stack(0x0000000056440000,0x0000000056540000)]
  0x0000000055bd2000 JavaThread "Java2D Disposer" daemon [_thread_blocked, id=1220, stack(0x0000000056250000,0x0000000056350000)]
  0x0000000055948800 JavaThread "Service Thread" daemon [_thread_blocked, id=2308, stack(0x0000000055e70000,0x0000000055f70000)]
  0x00000000543a4800 JavaThread "C1 CompilerThread1" daemon [_thread_blocked, id=3952, stack(0x0000000055840000,0x0000000055940000)]
  0x000000005439b800 JavaThread "C2 CompilerThread0" daemon [_thread_blocked, id=3828, stack(0x00000000556b0000,0x00000000557b0000)]
  0x0000000054399800 JavaThread "Attach Listener" daemon [_thread_blocked, id=2812, stack(0x0000000055580000,0x0000000055680000)]
  0x0000000054398800 JavaThread "Signal Dispatcher" daemon [_thread_blocked, id=5332, stack(0x0000000055370000,0x0000000055470000)]
  0x000000005433d000 JavaThread "Finalizer" daemon [_thread_blocked, id=6056, stack(0x0000000055180000,0x0000000055280000)]
  0x0000000054336000 JavaThread "Reference Handler" daemon [_thread_blocked, id=5900, stack(0x0000000055010000,0x0000000055110000)]
=>0x000000000036f000 JavaThread "main" [_thread_in_Java, id=4404, stack(0x0000000002410000,0x0000000002510000)]

Other Threads:
  0x000000005432e800 VMThread [stack: 0x0000000054e30000,0x0000000054f30000] [id=5920]
  0x0000000055956800 WatcherThread [stack: 0x00000000560d0000,0x00000000561d0000] [id=5516]

VM state:not at safepoint (normal execution)

VM Mutex/Monitor currently owned by a thread: None

Heap:
 PSYoungGen      total 14336K, used 3949K [0x00000000f0000000, 0x00000000f1000000, 0x0000000100000000)
  eden space 12288K, 32% used [0x00000000f0000000,0x00000000f03db5b0,0x00000000f0c00000)
  from space 2048K, 0% used [0x00000000f0e00000,0x00000000f0e00000,0x00000000f1000000)
  to   space 2048K, 0% used [0x00000000f0c00000,0x00000000f0c00000,0x00000000f0e00000)
 ParOldGen       total 32768K, used 0K [0x00000000d0000000, 0x00000000d2000000, 0x00000000f0000000)
  object space 32768K, 0% used [0x00000000d0000000,0x00000000d0000000,0x00000000d2000000)
 Metaspace       used 6644K, capacity 6786K, committed 7040K, reserved 1056768K
  class space    used 776K, capacity 836K, committed 896K, reserved 1048576K

Card table byte_map: [0x0000000011ba0000,0x0000000011d30000] byte_map_base: 0x0000000011520000

Marking Bits: (ParMarkBitMap*) 0x00000000600a0600
 Begin Bits: [0x0000000012080000, 0x0000000012c80000)
 End Bits:   [0x0000000012c80000, 0x0000000013880000)

Polling page: 0x0000000000130000

CodeCache: size=245760Kb used=1678Kb max_used=1683Kb free=244081Kb
 bounds [0x00000000027e0000, 0x0000000002a50000, 0x00000000117e0000]
 total_blobs=655 nmethods=306 adapters=264
 compilation: enabled

Compilation events (10 events):
Event: 0.819 Thread 0x00000000543a4800  300       3       java.io.WinNTFileSystem::isLetter (30 bytes)
Event: 0.820 Thread 0x00000000543a4800 nmethod 300 0x0000000002981490 code [0x0000000002981600, 0x0000000002981870]
Event: 0.820 Thread 0x00000000543a4800  298       3       java.lang.String::toCharArray (25 bytes)
Event: 0.820 Thread 0x00000000543a4800 nmethod 298 0x0000000002980fd0 code [0x0000000002981140, 0x00000000029813c8]
Event: 0.820 Thread 0x00000000543a4800  306       1       sun.util.locale.BaseLocale::getLanguage (5 bytes)
Event: 0.820 Thread 0x00000000543a4800 nmethod 306 0x0000000002983990 code [0x0000000002983ae0, 0x0000000002983bf0]
Event: 0.820 Thread 0x00000000543a4800  304       1       java.net.URL::getHost (5 bytes)
Event: 0.820 Thread 0x00000000543a4800 nmethod 304 0x00000000029836d0 code [0x0000000002983820, 0x0000000002983930]
Event: 0.820 Thread 0x00000000543a4800  305       1       java.nio.charset.Charset::name (5 bytes)
Event: 0.820 Thread 0x00000000543a4800 nmethod 305 0x0000000002983410 code [0x0000000002983560, 0x0000000002983670]

GC Heap History (0 events):
No events

Deoptimization events (1 events):
Event: 0.593 Thread 0x000000000036f000 Uncommon trap: reason=null_check action=make_not_entrant pc=0x000000000295cc68 method=java.lang.String.equals(Ljava/lang/Object;)Z @ 8

Internal exceptions (10 events):
Event: 0.218 Thread 0x000000000036f000 Exception <a 'java/security/PrivilegedActionException'> (0x00000000f00d0cb8) thrown at [D:\re\puppet\workspace\8-2-build-windows-amd64-cygwin\jdk8u73\6086\hotspot\src\share\vm\prims\jvm.cpp, line 1386]
Event: 0.219 Thread 0x000000000036f000 Exception <a 'java/security/PrivilegedActionException'> (0x00000000f00d4860) thrown at [D:\re\puppet\workspace\8-2-build-windows-amd64-cygwin\jdk8u73\6086\hotspot\src\share\vm\prims\jvm.cpp, line 1386]
Event: 0.219 Thread 0x000000000036f000 Exception <a 'java/security/PrivilegedActionException'> (0x00000000f00d4a70) thrown at [D:\re\puppet\workspace\8-2-build-windows-amd64-cygwin\jdk8u73\6086\hotspot\src\share\vm\prims\jvm.cpp, line 1386]
Event: 0.225 Thread 0x000000000036f000 Exception <a 'java/io/FileNotFoundException'> (0x00000000f00d6f38) thrown at [D:\re\puppet\workspace\8-2-build-windows-amd64-cygwin\jdk8u73\6086\hotspot\src\share\vm\prims\jni.cpp, line 709]
Event: 0.410 Thread 0x000000000036f000 Exception <a 'java/lang/NoSuchFieldError': method resolution failed> (0x00000000f01a4b60) thrown at [D:\re\puppet\workspace\8-2-build-windows-amd64-cygwin\jdk8u73\6086\hotspot\src\share\vm\prims\methodHandles.cpp, line 1146]
Event: 0.419 Thread 0x000000000036f000 Exception <a 'java/lang/NoSuchFieldError': method resolution failed> (0x00000000f01b1f48) thrown at [D:\re\puppet\workspace\8-2-build-windows-amd64-cygwin\jdk8u73\6086\hotspot\src\share\vm\prims\methodHandles.cpp, line 1146]
Event: 0.593 Thread 0x000000000036f000 Implicit null exception at 0x000000000295ca92 to 0x000000000295cc59
Event: 0.622 Thread 0x000000000036f000 Exception <a 'java/io/FileNotFoundException'> (0x00000000f02d1dd0) thrown at [D:\re\puppet\workspace\8-2-build-windows-amd64-cygwin\jdk8u73\6086\hotspot\src\share\vm\prims\jni.cpp, line 709]
Event: 0.793 Thread 0x000000000036f000 Exception <a 'java/security/PrivilegedActionException'> (0x00000000f031e6d0) thrown at [D:\re\puppet\workspace\8-2-build-windows-amd64-cygwin\jdk8u73\6086\hotspot\src\share\vm\prims\jvm.cpp, line 1386]
Event: 0.793 Thread 0x000000000036f000 Exception <a 'java/security/PrivilegedActionException'> (0x00000000f031e8e0) thrown at [D:\re\puppet\workspace\8-2-build-windows-amd64-cygwin\jdk8u73\6086\hotspot\src\share\vm\prims\jvm.cpp, line 1386]

Events (10 events):
Event: 0.799 loading class java/sql/Wrapper done
Event: 0.799 loading class java/sql/Connection done
Event: 0.799 loading class java/sql/DriverManager
Event: 0.799 loading class java/sql/DriverManager done
Event: 0.799 loading class java/util/concurrent/CopyOnWriteArrayList
Event: 0.800 loading class java/util/concurrent/CopyOnWriteArrayList done
Event: 0.800 loading class java/sql/DriverManager$1
Event: 0.800 loading class java/sql/DriverManager$1 done
Event: 0.800 loading class java/sql/DriverManager$2
Event: 0.800 loading class java/sql/DriverManager$2 done


Dynamic libraries:
0x000000013f3f0000 - 0x000000013f427000 	C:\Program Files\Java\jre1.8.0_73\bin\javaw.exe
0x0000000077b50000 - 0x0000000077cf9000 	C:\Windows\SYSTEM32\ntdll.dll
0x0000000077a30000 - 0x0000000077b4f000 	C:\Windows\system32\kernel32.dll
0x000007fefdde0000 - 0x000007fefde4b000 	C:\Windows\system32\KERNELBASE.dll
0x000007fefe120000 - 0x000007fefe1fb000 	C:\Windows\system32\ADVAPI32.dll
0x000007fefde70000 - 0x000007fefdf0f000 	C:\Windows\system32\msvcrt.dll
0x000007fefec20000 - 0x000007fefec3f000 	C:\Windows\SYSTEM32\sechost.dll
0x000007fefe6b0000 - 0x000007fefe7dd000 	C:\Windows\system32\RPCRT4.dll
0x0000000077930000 - 0x0000000077a2a000 	C:\Windows\system32\USER32.dll
0x000007fefe640000 - 0x000007fefe6a7000 	C:\Windows\system32\GDI32.dll
0x000007fefec10000 - 0x000007fefec1e000 	C:\Windows\system32\LPK.dll
0x000007fefeb40000 - 0x000007fefec09000 	C:\Windows\system32\USP10.dll
0x000007fefc6a0000 - 0x000007fefc894000 	C:\Windows\WinSxS\amd64_microsoft.windows.common-controls_6595b64144ccf1df_6.0.7601.17514_none_fa396087175ac9ac\COMCTL32.dll
0x000007feffc00000 - 0x000007feffc71000 	C:\Windows\system32\SHLWAPI.dll
0x000007fefea00000 - 0x000007fefea2e000 	C:\Windows\system32\IMM32.DLL
0x000007fefea30000 - 0x000007fefeb39000 	C:\Windows\system32\MSCTF.dll
0x00000000607f0000 - 0x00000000608c2000 	C:\Program Files\Java\jre1.8.0_73\bin\msvcr100.dll
0x000000005f890000 - 0x0000000060120000 	C:\Program Files\Java\jre1.8.0_73\bin\server\jvm.dll
0x000007fee82e0000 - 0x000007fee82e9000 	C:\Windows\system32\WSOCK32.dll
0x000007fefe390000 - 0x000007fefe3dd000 	C:\Windows\system32\WS2_32.dll
0x000007fefe320000 - 0x000007fefe328000 	C:\Windows\system32\NSI.dll
0x000007fef9cb0000 - 0x000007fef9ceb000 	C:\Windows\system32\WINMM.dll
0x000007fefcb90000 - 0x000007fefcb9c000 	C:\Windows\system32\VERSION.dll
0x0000000077d10000 - 0x0000000077d17000 	C:\Windows\system32\PSAPI.DLL
0x0000000067fc0000 - 0x0000000067fcf000 	C:\Program Files\Java\jre1.8.0_73\bin\verify.dll
0x00000000671b0000 - 0x00000000671d9000 	C:\Program Files\Java\jre1.8.0_73\bin\java.dll
0x00000000671f0000 - 0x0000000067206000 	C:\Program Files\Java\jre1.8.0_73\bin\zip.dll
0x000007fefee70000 - 0x000007feffbf8000 	C:\Windows\system32\SHELL32.dll
0x000007fefec60000 - 0x000007fefee63000 	C:\Windows\system32\ole32.dll
0x000007fefdaa0000 - 0x000007fefdaaf000 	C:\Windows\system32\profapi.dll
0x0000000060650000 - 0x00000000607e8000 	C:\Program Files\Java\jre1.8.0_73\bin\awt.dll
0x000007fefe040000 - 0x000007fefe117000 	C:\Windows\system32\OLEAUT32.dll
0x000007fefc4c0000 - 0x000007fefc516000 	C:\Windows\system32\uxtheme.dll
0x000007fefcc60000 - 0x000007fefcc78000 	C:\Windows\system32\dwmapi.dll
0x000007fefd9d0000 - 0x000007fefd9df000 	C:\Windows\system32\CRYPTBASE.dll
0x000007fee4910000 - 0x000007fee4b0f000 	C:\Windows\system32\d3d9.dll
0x000007fee7250000 - 0x000007fee7257000 	C:\Windows\system32\d3d8thk.dll
0x000007fef9b40000 - 0x000007fef9ca2000 	C:\Windows\system32\aticfx64.dll
0x000007fee71f0000 - 0x000007fee7211000 	C:\Windows\system32\atiu9p64.dll
0x000007fee40b0000 - 0x000007fee490a000 	C:\Windows\system32\atiumd64.dll
0x000000006b950000 - 0x000000006c1d6000 	C:\Windows\system32\atiumd6a.dll
0x000007fefcc80000 - 0x000007fefccac000 	C:\Windows\system32\POWRPROF.dll
0x000007feffc80000 - 0x000007feffe57000 	C:\Windows\system32\SETUPAPI.dll
0x000007fefdda0000 - 0x000007fefddd6000 	C:\Windows\system32\CFGMGR32.dll
0x000007fefde50000 - 0x000007fefde6a000 	C:\Windows\system32\DEVOBJ.dll
0x000007feea8b0000 - 0x000007feea9d5000 	C:\Windows\system32\dbghelp.dll

VM Arguments:
jvm_args: -Dfile.encoding=UTF-8 
java_command: app.Application
java_class_path (initial): D:\Fakultet\Poslovna Informatika\Kontrolnatacka1\PoslovnaVezbe\PoslovnaVezbe\bin;D:\Fakultet\Poslovna Informatika\Kontrolnatacka1\PoslovnaVezbe\PoslovnaVezbe\lib\jtds-1.2.jar;D:\Fakultet\Poslovna Informatika\Kontrolnatacka1\PoslovnaVezbe\PoslovnaVezbe\lib\miglayout-4.0-swing.jar;D:\Fakultet\Poslovna Informatika\Kontrolnatacka1\PoslovnaVezbe\PoslovnaVezbe\Resources\sqlite-jdbc-3.7.15-M1.jar;D:\Fakultet\Poslovna Informatika\Kontrolnatacka1\PoslovnaVezbe\PoslovnaVezbe\Resources\sqlite-jdbc-3.7.15-SNAPSHOT-2.jar;D:\Fakultet\Poslovna Informatika\Kontrolnatacka1\PoslovnaVezbe\PoslovnaVezbe\Resources\sqlite-jdbc-3.7.15-SNAPSHOT-javadoc.jar;D:\Fakultet\Poslovna Informatika\Kontrolnatacka1\PoslovnaVezbe\PoslovnaVezbe\Resources\sqlite-jdbc-3.7.15-SNAPSHOT.jar;D:\Fakultet\Poslovna Informatika\Kontrolnatacka1\PoslovnaVezbe\PoslovnaVezbe\Resources\sqlite-jdbc-3.7.2-javadoc.jar;D:\Fakultet\Poslovna Informatika\Kontrolnatacka1\PoslovnaVezbe\PoslovnaVezbe\Resources\sqlite-jdbc-3.7.2.jar;D:\Fakultet\Poslovna Informatika\Kontrolnatacka1\PoslovnaVezbe\PoslovnaVezbe\Resources\sqlite-jdbc-3.8.10.1.jar;D:\Fakultet\Poslovna Informatika\Kontrolnatacka1\PoslovnaVezbe\PoslovnaVezbe\Resources\sqlite-jdbc-3.8.10.2.jar;D:\Fakultet\Poslovna Informatika\Kontrolnatacka1\PoslovnaVezbe\PoslovnaVezbe\Resources\sqlite-jdbc-3.8.11.1.jar;D:\Fakultet\Poslovna Informatika\Kontrolnatacka1\PoslovnaVezbe\PoslovnaVezbe\Resources\sqlite-jdbc-3.8.11.2.jar;D:\Fakultet\Poslovna Informatika\Kontrolnatacka1\PoslovnaVezbe\PoslovnaVezbe\Resources\sqlite-jdbc-3.8.11.jar;D:\Fakultet\Poslovna Informatika\Kontrolnatacka1\PoslovnaVezbe\PoslovnaVezbe\Resources\sqlite-jdbc-3.8.5-pre1.jar;D:\Fakultet\Poslovna Informatika\Kontrolnatacka1\PoslovnaVezbe\PoslovnaVezbe\Resources\sqlite-jdbc-3.8.6.jar;D:\Fakultet\Poslovna Informatika\Kontrolnatacka1\PoslovnaVezbe\PoslovnaVezbe\Resources\sqlite-jdbc-3.8.7.jar
Launcher Type: SUN_STANDARD

Environment Variables:
JAVA_HOME=C:\Program Files\Java\jdk1.7.0_79\
JRE_HOME=C:\Program Files\Java\jre7
PATH=C:/Program Files/Java/jre1.8.0_73/bin/server;C:/Program Files/Java/jre1.8.0_73/bin;C:/Program Files/Java/jre1.8.0_73/lib/amd64;C:\ProgramData\Oracle\Java\javapath;C:\Windows\system32;C:\Windows;C:\Windows\System32\Wbem;C:\Windows\System32\WindowsPowerShell\v1.0\;C:\Program Files (x86)\AMD\ATI.ACE\Core-Static;C:\Program Files (x86)\Microsoft SQL Server\100\Tools\Binn\;C:\Program Files\Microsoft SQL Server\100\Tools\Binn\;C:\Program Files\Microsoft SQL Server\100\DTS\Binn\;C:\Program Files\MATLAB\MATLAB Production Server\R2015a\runtime\win64;C:\Program Files\MATLAB\MATLAB Production Server\R2015a\bin;C:\Program Files\MATLAB\MATLAB Production Server\R2015a\polyspace\bin;C:\Program Files\SlikSvn\bin;c:\Program Files (x86)\Microsoft SQL Server\100\Tools\Binn\VSShell\Common7\IDE\;c:\Program Files (x86)\Microsoft SQL Server\100\DTS\Binn\;C:\Program Files (x86)\Skype\Phone\;C:\Program Files (x86)\Windows Kits\8.1\Windows Performance Toolkit\;C:\Program Files\Microsoft SQL Server\110\Tools\Binn\;C:\Program Files (x86)\Microsoft SDKs\TypeScript\1.0\;C:\Program Files\Microsoft SQL Server\120\Tools\Binn\;C:\Program Files\Git\cmd;C:\MinGW\lib;C:\Anaconda3\Lib\site-packages\numpy\distutils\mingw;C:\MinGW\bin;C:\Anaconda2;C:\Anaconda2\Scripts;C:\Anaconda2\Library\bin;C:\Anaconda2\MinGW\lib;C:\Anaconda2\MinGW\bin;C:\Program Files (x86)\MySQL\MySQL Fabric 1.5 & MySQL Utilities 1.5\;C:\Program Files (x86)\MySQL\MySQL Fabric 1.5 & MySQL Utilities 1.5\Doctrine extensions for PHP\;C:\Program Files (x86)\Microsoft SQL Server\110\Tools\Binn\ManagementStudio\;C:\Program Files (x86)\Microsoft SQL Server\110\Tools\Binn\;C:\Program Files (x86)\Microsoft SQL Server\110\DTS\Binn\;C:\Anaconda2\MinGW\bin;C:\Anaconda2\MinGW\lib;C:\Program Files\Java\jdk1.7.0_79;C:\Program Files\eclipse;
USERNAME=Igor
OS=Windows_NT
PROCESSOR_IDENTIFIER=Intel64 Family 6 Model 15 Stepping 6, GenuineIntel



---------------  S Y S T E M  ---------------

OS: Windows 7 , 64 bit Build 7601 (6.1.7601.17514)

CPU:total 2 (2 cores per cpu, 1 threads per core) family 6 model 15 stepping 6, cmov, cx8, fxsr, mmx, sse, sse2, sse3, ssse3, tsc

Memory: 4k page, physical 3145064k(755700k free), swap 6339536k(1428552k free)

vm_info: Java HotSpot(TM) 64-Bit Server VM (25.73-b02) for windows-amd64 JRE (1.8.0_73-b02), built on Jan 29 2016 17:38:49 by "java_re" with MS VC++ 10.0 (VS2010)

time: Thu Apr 21 17:14:05 2016
elapsed time: 1 seconds (0d 0h 0m 1s)

